{
  "summary": {
    "outcome": "Failed",
    "testsRan": 1,
    "passing": 0,
    "failing": 1,
    "skipped": 0,
    "passRate": "0%",
    "failRate": "100%",
    "skipRate": "0%",
    "testStartTime": "Tue Jun 07 2022 8:01:56 PM",
    "testExecutionTimeInMs": 35,
    "testTotalTimeInMs": 35,
    "commandTimeInMs": 187,
    "hostname": "https://softinnovas-17d-dev-ed.my.salesforce.com",
    "orgId": "00D8c000006eixFEAQ",
    "username": "lindasnora-dev@gmail.com",
    "testRunId": "7078c00006ualFv",
    "userId": "0058c00000AwsWBAAZ"
  },
  "tests": [
    {
      "id": "07M8c000005pdNTEAY",
      "queueItemId": "7098c000001QEINAA4",
      "stackTrace": "Class.AnimalsCalloutsTest.testFetchAnimalsFailure: line 23, column 1",
      "message": "System.AssertException: Assertion Failed: Expected: 404, Actual: 200",
      "asyncApexJobId": "7078c00006ualFvAAI",
      "methodName": "testFetchAnimalsFailure",
      "outcome": "Fail",
      "apexLogId": "07L8c00004O4QydEAF",
      "apexClass": {
        "id": "01p8c00000RjN2tAAF",
        "name": "AnimalsCalloutsTest",
        "namespacePrefix": null,
        "fullName": "AnimalsCalloutsTest"
      },
      "runTime": 35,
      "testTimestamp": "2022-06-08T01:01:57.000+0000",
      "fullName": "AnimalsCalloutsTest.testFetchAnimalsFailure",
      "diagnostic": {
        "exceptionMessage": "System.AssertException: Assertion Failed: Expected: 404, Actual: 200",
        "exceptionStackTrace": "Class.AnimalsCalloutsTest.testFetchAnimalsFailure: line 23, column 1",
        "className": "AnimalsCalloutsTest",
        "compileProblem": "",
        "lineNumber": 23,
        "columnNumber": 1
      }
    }
  ]
}